  GameScene.cpp
C:\Users\eljusal\Desktop\Code Practice\Visual Studio Projects\Tetris\Tetris\Scene\GameScene.cpp(11,27): warning C4305: '=': truncation from 'double' to 'float'
C:\Users\eljusal\Desktop\Code Practice\Visual Studio Projects\Tetris\Tetris\Scene\GameScene.cpp(20,12): warning C4244: 'argument': conversion from 'time_t' to 'unsigned int', possible loss of data
C:\Users\eljusal\Desktop\Code Practice\Visual Studio Projects\Tetris\Tetris\Scene\GameScene.cpp(52,67): warning C4244: 'argument': conversion from 'int' to 'T', possible loss of data
          with
          [
              T=float
          ]
C:\Users\eljusal\Desktop\Code Practice\Visual Studio Projects\Tetris\Tetris\Scene\GameScene.cpp(58,94): warning C4244: 'argument': conversion from 'int' to 'float', possible loss of data
C:\Users\eljusal\Desktop\Code Practice\Visual Studio Projects\Tetris\Tetris\Scene\GameScene.cpp(58,58): warning C4244: 'argument': conversion from 'int' to 'float', possible loss of data
C:\Users\eljusal\Desktop\Code Practice\Visual Studio Projects\Tetris\Tetris\Scene\GameScene.cpp(139,24): warning C4244: 'initializing': conversion from 'T' to 'int', possible loss of data
          with
          [
              T=float
          ]
C:\Users\eljusal\Desktop\Code Practice\Visual Studio Projects\Tetris\Tetris\Scene\GameScene.cpp(162,25): warning C4018: '<': signed/unsigned mismatch
C:\Users\eljusal\Desktop\Code Practice\Visual Studio Projects\Tetris\Tetris\Scene\GameScene.cpp(218,25): warning C4244: 'initializing': conversion from 'T' to 'int', possible loss of data
          with
          [
              T=float
          ]
C:\Users\eljusal\Desktop\Code Practice\Visual Studio Projects\Tetris\Tetris\Scene\GameScene.cpp(223,18): warning C4244: 'argument': conversion from 'time_t' to 'unsigned int', possible loss of data
C:\Users\eljusal\Desktop\Code Practice\Visual Studio Projects\Tetris\Tetris\Scene\GameScene.cpp(260,25): warning C4018: '<': signed/unsigned mismatch
C:\Users\eljusal\Desktop\Code Practice\Visual Studio Projects\Tetris\Tetris\Scene\GameScene.cpp(318,22): warning C4018: '<': signed/unsigned mismatch
C:\Users\eljusal\Desktop\Code Practice\Visual Studio Projects\Tetris\Tetris\Scene\GameScene.cpp(329,24): warning C4018: '<': signed/unsigned mismatch
C:\Users\eljusal\Desktop\Code Practice\Visual Studio Projects\Tetris\Tetris\Scene\GameScene.cpp(340,50): warning C4244: 'argument': conversion from 'const int' to 'T', possible loss of data
          with
          [
              T=float
          ]
C:\Users\eljusal\Desktop\Code Practice\Visual Studio Projects\Tetris\Tetris\Scene\GameScene.cpp(345,49): warning C4244: 'argument': conversion from 'const int' to 'T', possible loss of data
          with
          [
              T=float
          ]
C:\Users\eljusal\Desktop\Code Practice\Visual Studio Projects\Tetris\Tetris\Scene\GameScene.cpp(355,22): warning C4018: '<': signed/unsigned mismatch
C:\Users\eljusal\Desktop\Code Practice\Visual Studio Projects\Tetris\Tetris\Scene\GameScene.cpp(366,24): warning C4018: '<': signed/unsigned mismatch
C:\Users\eljusal\Desktop\Code Practice\Visual Studio Projects\Tetris\Tetris\Scene\GameScene.cpp(377,39): warning C4244: 'argument': conversion from 'const int' to 'T', possible loss of data
          with
          [
              T=float
          ]
C:\Users\eljusal\Desktop\Code Practice\Visual Studio Projects\Tetris\Tetris\Scene\GameScene.cpp(382,38): warning C4244: 'argument': conversion from 'const int' to 'T', possible loss of data
          with
          [
              T=float
          ]
  Generating code
  2 of 332 functions ( 0.6%) were compiled, the rest were copied from previous compilation.
    0 functions were new in current compilation
    2 functions had inline decision re-evaluated but remain unchanged
  Finished generating code
  Tetris.vcxproj -> C:\Users\eljusal\Desktop\Code Practice\Visual Studio Projects\Tetris\Release\Tetris.exe
